  Animation.cpp
C:\Users\raina\Desktop\school\ICT1009\c++\ICT1009_Game\OkBoomer\Animation.h(5,10): fatal error C1083: Cannot open include file: 'SDL.h': No such file or directory
  Board.cpp
C:\Users\raina\Desktop\school\ICT1009\c++\ICT1009_Game\OkBoomer\Game.h(6,10): fatal error C1083: Cannot open include file: 'SDL.h': No such file or directory
  BombPlanted.cpp
C:\Users\raina\Desktop\school\ICT1009\c++\ICT1009_Game\OkBoomer\Entity.h(8,10): fatal error C1083: Cannot open include file: 'SDL.h': No such file or directory
  Game.cpp
C:\Users\raina\Desktop\school\ICT1009\c++\ICT1009_Game\OkBoomer\Game.h(6,10): fatal error C1083: Cannot open include file: 'SDL.h': No such file or directory
  IOHandler.cpp
C:\Users\raina\Desktop\school\ICT1009\c++\ICT1009_Game\OkBoomer\IOHandler.h(6,10): fatal error C1083: Cannot open include file: 'SDL.h': No such file or directory
  Item.cpp
C:\Users\raina\Desktop\school\ICT1009\c++\ICT1009_Game\OkBoomer\Entity.h(8,10): fatal error C1083: Cannot open include file: 'SDL.h': No such file or directory
  ItemTimer.cpp
  Launcher.cpp
C:\Users\raina\Desktop\school\ICT1009\c++\ICT1009_Game\OkBoomer\Game.h(6,10): fatal error C1083: Cannot open include file: 'SDL.h': No such file or directory
  Layer.cpp
  MapParser.cpp
  Player.cpp
C:\Users\raina\Desktop\school\ICT1009\c++\ICT1009_Game\OkBoomer\Entity.h(8,10): fatal error C1083: Cannot open include file: 'SDL.h': No such file or directory
  BombCollectable.cpp
C:\Users\raina\Desktop\school\ICT1009\c++\ICT1009_Game\OkBoomer\Entity.h(8,10): fatal error C1083: Cannot open include file: 'SDL.h': No such file or directory
  TextureManager.cpp
C:\Users\raina\Desktop\school\ICT1009\c++\ICT1009_Game\OkBoomer\TextureManager.h(5,10): fatal error C1083: Cannot open include file: 'SDL.h': No such file or directory
  TileLayer.cpp
C:\Users\raina\Desktop\school\ICT1009\c++\ICT1009_Game\OkBoomer\TextureManager.h(5,10): fatal error C1083: Cannot open include file: 'SDL.h': No such file or directory
  tinystr.cpp
  tinyxml.cpp
  tinyxmlerror.cpp
  tinyxmlparser.cpp
  UILabel.cpp
C:\Users\raina\Desktop\school\ICT1009\c++\ICT1009_Game\OkBoomer\TextureManager.h(5,10): fatal error C1083: Cannot open include file: 'SDL.h': No such file or directory
  Generating Code...
