c:\sit\year 1\1009 - object orientated programming\assignment_cpp\okboomer\debug\vc142.pdb
c:\sit\year 1\1009 - object orientated programming\assignment_cpp\okboomer\debug\vc142.idb
c:\sit\year 1\1009 - object orientated programming\assignment_cpp\okboomer\debug\uilabel.obj
c:\sit\year 1\1009 - object orientated programming\assignment_cpp\okboomer\debug\tinyxmlparser.obj
c:\sit\year 1\1009 - object orientated programming\assignment_cpp\okboomer\debug\tinyxmlerror.obj
c:\sit\year 1\1009 - object orientated programming\assignment_cpp\okboomer\debug\tinyxml.obj
c:\sit\year 1\1009 - object orientated programming\assignment_cpp\okboomer\debug\tinystr.obj
c:\sit\year 1\1009 - object orientated programming\assignment_cpp\okboomer\debug\tilelayer.obj
c:\sit\year 1\1009 - object orientated programming\assignment_cpp\okboomer\debug\texturemanager.obj
c:\sit\year 1\1009 - object orientated programming\assignment_cpp\okboomer\debug\bombcollectable.obj
c:\sit\year 1\1009 - object orientated programming\assignment_cpp\okboomer\debug\player.obj
c:\sit\year 1\1009 - object orientated programming\assignment_cpp\okboomer\debug\mapparser.obj
c:\sit\year 1\1009 - object orientated programming\assignment_cpp\okboomer\debug\layer.obj
c:\sit\year 1\1009 - object orientated programming\assignment_cpp\okboomer\debug\launcher.obj
c:\sit\year 1\1009 - object orientated programming\assignment_cpp\okboomer\debug\itemtimer.obj
c:\sit\year 1\1009 - object orientated programming\assignment_cpp\okboomer\debug\item.obj
c:\sit\year 1\1009 - object orientated programming\assignment_cpp\okboomer\debug\iohandler.obj
c:\sit\year 1\1009 - object orientated programming\assignment_cpp\okboomer\debug\game.obj
c:\sit\year 1\1009 - object orientated programming\assignment_cpp\okboomer\debug\bombplanted.obj
c:\sit\year 1\1009 - object orientated programming\assignment_cpp\okboomer\debug\board.obj
c:\sit\year 1\1009 - object orientated programming\assignment_cpp\okboomer\debug\animation.obj
c:\sit\year 1\1009 - object orientated programming\assignment_cpp\okboomer\debug\okboomer.ilk
c:\sit\year 1\1009 - object orientated programming\assignment_cpp\okboomer\debug\okboomer.exe
c:\sit\year 1\1009 - object orientated programming\assignment_cpp\okboomer\debug\okboomer.pdb
c:\sit\year 1\1009 - object orientated programming\assignment_cpp\okboomer\debug\okboomer.tlog\cl.command.1.tlog
c:\sit\year 1\1009 - object orientated programming\assignment_cpp\okboomer\debug\okboomer.tlog\cl.read.1.tlog
c:\sit\year 1\1009 - object orientated programming\assignment_cpp\okboomer\debug\okboomer.tlog\cl.write.1.tlog
c:\sit\year 1\1009 - object orientated programming\assignment_cpp\okboomer\debug\okboomer.tlog\link.command.1.tlog
c:\sit\year 1\1009 - object orientated programming\assignment_cpp\okboomer\debug\okboomer.tlog\link.read.1.tlog
c:\sit\year 1\1009 - object orientated programming\assignment_cpp\okboomer\debug\okboomer.tlog\link.write.1.tlog
